[03:15:08] [ServerMain/INFO]: [bootstrap] Running Java 21 (OpenJDK 64-Bit Server VM 21.0.9+10-Ubuntu-124.04; Ubuntu null) on Linux 6.8.0-1030-azure (amd64)
[03:15:08] [ServerMain/INFO]: [bootstrap] Loading Paper 1.21.1-57-master@b483da4 (2024-09-01T18:09:05Z) for Minecraft 1.21.1
[03:15:08] [ServerMain/INFO]: [PluginInitializerManager] Initializing plugins...
[03:15:08] [ServerMain/INFO]: [PluginInitializerManager] Initialized 1 plugin
[03:15:08] [ServerMain/INFO]: [PluginInitializerManager] Bukkit plugins (1):
 - SkinsRestorer (15.9.3)
[03:15:13] [ServerMain/INFO]: Environment: Environment[sessionHost=https://sessionserver.mojang.com, servicesHost=https://api.minecraftservices.com, name=PROD]
[03:15:15] [ServerMain/INFO]: Loaded 1290 recipes
[03:15:15] [ServerMain/INFO]: Loaded 1399 advancements
[03:15:15] [Server thread/INFO]: Starting minecraft server version 1.21.1
[03:15:15] [Server thread/INFO]: Loading properties
[03:15:15] [Server thread/INFO]: This server is running Paper version 1.21.1-57-master@b483da4 (2024-09-01T18:09:05Z) (Implementing API version 1.21.1-R0.1-SNAPSHOT)
[03:15:16] [Server thread/INFO]: [spark] This server bundles the spark profiler. For more information please visit https://docs.papermc.io/paper/profiling
[03:15:16] [Server thread/INFO]: Server Ping Player Sample Count: 12
[03:15:16] [Server thread/INFO]: Using 4 threads for Netty based IO
[03:15:17] [Server thread/INFO]: [ChunkTaskScheduler] Chunk system is using 1 I/O threads, 1 worker threads, and population gen parallelism of 1 threads
[03:15:17] [Server thread/INFO]: Default game type: SURVIVAL
[03:15:17] [Server thread/INFO]: Generating keypair
[03:15:17] [Server thread/INFO]: Starting Minecraft server on *:25565
[03:15:17] [Server thread/INFO]: Using epoll channel type
[03:15:17] [Server thread/INFO]: Paper: Using libdeflate (Linux x86_64) compression from Velocity.
[03:15:17] [Server thread/INFO]: Paper: Using OpenSSL 3.0.x (Linux x86_64) cipher from Velocity.
[03:15:17] [Server thread/INFO]: [SkinsRestorer] Loading server plugin SkinsRestorer v15.9.3
[03:15:17] [Server thread/INFO]: Server permissions file permissions.yml is empty, ignoring it
[03:15:17] [Server thread/INFO]: [SkinsRestorer] Enabling SkinsRestorer v15.9.3
[03:15:19] [Server thread/INFO]: [SkinsRestorer] Running on Minecraft 1.21.1.
[03:15:20] [Server thread/INFO]: [SkinsRestorer] Using paper join listener!
[03:15:20] [Server thread/WARN]: **** SERVER IS RUNNING IN OFFLINE/INSECURE MODE!
[03:15:20] [Server thread/WARN]: The server will make no attempt to authenticate usernames. Beware.
[03:15:20] [Server thread/WARN]: While this makes the game possible to play without internet access, it also opens up the ability for hackers to connect with any username they choose.
[03:15:20] [Server thread/WARN]: To change this, set "online-mode" to "true" in the server.properties file.
[03:15:20] [Server thread/INFO]: Preparing level "world"
[03:15:21] [Folia Async Scheduler Thread #1/INFO]: [SkinsRestorer] ----------------------------------------------
[03:15:21] [Folia Async Scheduler Thread #1/INFO]: [SkinsRestorer]     +==================+
[03:15:21] [Folia Async Scheduler Thread #1/INFO]: [SkinsRestorer]     |   SkinsRestorer  |
[03:15:21] [Folia Async Scheduler Thread #1/INFO]: [SkinsRestorer]     |------------------|
[03:15:21] [Folia Async Scheduler Thread #1/INFO]: [SkinsRestorer]     |  Standalone Mode |
[03:15:21] [Folia Async Scheduler Thread #1/INFO]: [SkinsRestorer]     +==================+
[03:15:21] [Folia Async Scheduler Thread #1/INFO]: [SkinsRestorer] ----------------------------------------------
[03:15:21] [Folia Async Scheduler Thread #1/INFO]: [SkinsRestorer]     Version: 15.9.3
[03:15:21] [Folia Async Scheduler Thread #1/INFO]: [SkinsRestorer]     Commit: 989bf18
[03:15:21] [Folia Async Scheduler Thread #1/INFO]: [SkinsRestorer]     This is the latest version!
[03:15:21] [Folia Async Scheduler Thread #1/INFO]: [SkinsRestorer] ----------------------------------------------
[03:15:21] [Folia Async Scheduler Thread #1/INFO]: [SkinsRestorer] Do you have issues? Read our troubleshooting guide: https://skinsrestorer.net/docs/troubleshooting
[03:15:21] [Folia Async Scheduler Thread #1/INFO]: [SkinsRestorer] Want to support SkinsRestorer? Consider donating: https://skinsrestorer.net/donate
[03:15:21] [Server thread/INFO]: Preparing start region for dimension minecraft:overworld
[03:15:22] [Server thread/INFO]: Time elapsed: 1068 ms
[03:15:22] [Server thread/INFO]: Preparing start region for dimension minecraft:the_nether
[03:15:22] [Server thread/INFO]: Time elapsed: 273 ms
[03:15:22] [Server thread/INFO]: Preparing start region for dimension minecraft:the_end
[03:15:22] [Server thread/INFO]: Time elapsed: 124 ms
[03:15:22] [Server thread/INFO]: [spark] Starting background profiler...
[03:15:23] [Server thread/INFO]: Done preparing level "world" (2.136s)
[03:15:23] [Server thread/INFO]: Running delayed init tasks
[03:15:23] [Server thread/INFO]: Done (15.905s)! For help, type "help"
[03:15:23] [Server thread/INFO]: Timings Reset
[03:17:21] [User Authenticator #0/INFO]: UUID of player Thamy_75 is 565a8216-cd77-31f4-a85d-d58b87b53f71
[03:17:22] [Server thread/INFO]: Thamy_75 joined the game
[03:17:22] [Server thread/INFO]: Thamy_75[/127.28.117.93:55743] logged in with entity id 53 at ([world]-256.6553855359387, 73.0, 756.6591551279018)
[03:18:02] [Server thread/INFO]: Thamy_75 issued server command: /skin set pene
[03:20:51] [Server thread/INFO]: Thamy_75 was slain by Zombie
[03:21:30] [User Authenticator #1/INFO]: UUID of player Gabrrizzy is ab92605f-a27f-3d91-b056-bd796294c6a5
[03:21:32] [Server thread/INFO]: Gabrrizzy joined the game
[03:21:32] [Server thread/INFO]: Gabrrizzy[/127.94.3.40:38545] logged in with entity id 517 at ([world]-123.13679374267801, 68.0, 23.385782564874205)
[03:21:44] [Server thread/INFO]: Gabrrizzy lost connection: Disconnected
[03:21:44] [Server thread/INFO]: Gabrrizzy left the game
[03:22:42] [Server thread/INFO]: Thamy_75 issued server command: /skin set Thamy_75
[03:23:19] [Server thread/INFO]: Nothing changed. The player already is an operator
[03:23:20] [Server thread/INFO]: Thamy_75 was slain by Zombie
[03:23:50] [Server thread/INFO]: Thamy_75 issued server command: /time set day
[03:23:50] [Server thread/INFO]: [Thamy_75: Set the time to 1000]
[03:26:26] [Server thread/INFO]: Thamy_75 issued server command: /skin set WitchB1tch
[03:26:51] [User Authenticator #2/INFO]: UUID of player thamymipapirico is 0789f953-a5a9-3468-8a98-aa54bea063d7
[03:26:52] [Server thread/INFO]: thamymipapirico joined the game
[03:26:52] [Server thread/INFO]: thamymipapirico[/127.194.206.15:45365] logged in with entity id 1462 at ([world]-308.5, 71.0, 794.5)
[03:27:35] [User Authenticator #2/INFO]: UUID of player Gabrrizzy is ab92605f-a27f-3d91-b056-bd796294c6a5
[03:27:38] [Server thread/INFO]: Gabrrizzy joined the game
[03:27:38] [Server thread/INFO]: Gabrrizzy[/127.94.3.40:57119] logged in with entity id 1595 at ([world]-94.31957196654388, 68.04289683901332, 21.86517200400946)
[03:27:49] [Server thread/INFO]: Gabrrizzy lost connection: Disconnected
[03:27:49] [Server thread/INFO]: Gabrrizzy left the game
[03:28:08] [Server thread/INFO]: Unknown or incomplete command, see below for error
tab scoreboard health<--[HERE]
[03:28:14] [Server thread/INFO]: Unknown or incomplete command, see below for error
/tab scoreboard health<--[HERE]
[03:29:06] [User Authenticator #3/INFO]: UUID of player Gabrrizzy is ab92605f-a27f-3d91-b056-bd796294c6a5
[03:29:08] [Server thread/INFO]: Gabrrizzy joined the game
[03:29:08] [Server thread/INFO]: Gabrrizzy[/127.94.3.40:38427] logged in with entity id 2055 at ([world]-94.31957196654388, 68.0, 21.86517200400946)
[03:29:14] [Server thread/INFO]: Thamy_75 lost connection: Disconnected
[03:29:14] [Server thread/INFO]: Thamy_75 left the game
[03:29:14] [Server thread/INFO]: thamymipapirico lost connection: Disconnected
[03:29:14] [Server thread/INFO]: thamymipapirico left the game
[03:29:14] [Server thread/INFO]: Gabrrizzy lost connection: Disconnected
[03:29:14] [Server thread/INFO]: Gabrrizzy left the game
[03:29:14] [Server thread/INFO]: Stopping server
[03:29:14] [Server thread/INFO]: [SkinsRestorer] Disabling SkinsRestorer v15.9.3
[03:29:14] [Server thread/INFO]: Saving players
[03:29:14] [Server thread/INFO]: Saving worlds
[03:29:14] [Server thread/INFO]: Saving chunks for level 'ServerLevel[world]'/minecraft:overworld
[03:29:14] [Server thread/INFO]: [ChunkHolderManager] Waiting 60s for chunk system to halt for world 'world'
[03:29:14] [Server thread/INFO]: [ChunkHolderManager] Halted chunk system for world 'world'
[03:29:14] [Server thread/INFO]: [ChunkHolderManager] Saving all chunkholders for world 'world'
[03:29:16] [Server thread/INFO]: [ChunkHolderManager] Saved 1734 block chunks, 961 entity chunks, 0 poi chunks in world 'world' in 1.80s
[03:29:16] [Server thread/INFO]: Saving chunks for level 'ServerLevel[world_nether]'/minecraft:the_nether
[03:29:16] [Server thread/INFO]: [ChunkHolderManager] Waiting 60s for chunk system to halt for world 'world_nether'
[03:29:16] [Server thread/INFO]: [ChunkHolderManager] Halted chunk system for world 'world_nether'
[03:29:16] [Server thread/INFO]: [ChunkHolderManager] Saving all chunkholders for world 'world_nether'
[03:29:16] [Server thread/INFO]: [ChunkHolderManager] Saved 0 block chunks, 1 entity chunks, 0 poi chunks in world 'world_nether' in 0.00s
[03:29:16] [Server thread/INFO]: Saving chunks for level 'ServerLevel[world_the_end]'/minecraft:the_end
[03:29:16] [Server thread/INFO]: [ChunkHolderManager] Waiting 60s for chunk system to halt for world 'world_the_end'
[03:29:16] [Server thread/INFO]: [ChunkHolderManager] Halted chunk system for world 'world_the_end'
[03:29:16] [Server thread/INFO]: [ChunkHolderManager] Saving all chunkholders for world 'world_the_end'
[03:29:16] [Server thread/INFO]: [ChunkHolderManager] Saved 0 block chunks, 10 entity chunks, 0 poi chunks in world 'world_the_end' in 0.01s
[03:29:16] [Server thread/INFO]: ThreadedAnvilChunkStorage (world): All chunks are saved
[03:29:16] [Server thread/INFO]: ThreadedAnvilChunkStorage (DIM-1): All chunks are saved
[03:29:16] [Server thread/INFO]: ThreadedAnvilChunkStorage (DIM1): All chunks are saved
[03:29:16] [Server thread/INFO]: ThreadedAnvilChunkStorage: All dimensions are saved
